<?xml version="1.0" encoding="UTF-8"?>
<coverage generated="1726003608548" clover="3.2.0">
  <project timestamp="1726003608549" name="All files">
    <metrics statements="30" coveredstatements="16" conditionals="8" coveredconditionals="1" methods="5" coveredmethods="2" elements="43" coveredelements="19" complexity="0" loc="30" ncloc="30" packages="2" files="2" classes="2"/>
    <package name="config.redis">
      <metrics statements="10" coveredstatements="5" conditionals="4" coveredconditionals="1" methods="1" coveredmethods="0"/>
      <file name="index.ts" path="/home/ghost_dev/Documents/repositories/my-projects/Taskify-server/config/redis/index.ts">
        <metrics statements="10" coveredstatements="5" conditionals="4" coveredconditionals="1" methods="1" coveredmethods="0"/>
        <line num="1" count="1" type="stmt"/>
        <line num="2" count="1" type="stmt"/>
        <line num="4" count="1" type="stmt"/>
        <line num="6" count="1" type="stmt"/>
        <line num="11" count="0" type="stmt"/>
        <line num="12" count="0" type="stmt"/>
        <line num="13" count="0" type="cond" truecount="0" falsecount="2"/>
        <line num="15" count="0" type="stmt"/>
        <line num="16" count="0" type="stmt"/>
        <line num="20" count="1" type="stmt"/>
      </file>
    </package>
    <package name="utils.functions">
      <metrics statements="20" coveredstatements="11" conditionals="4" coveredconditionals="0" methods="4" coveredmethods="2"/>
      <file name="authentication.ts" path="/home/ghost_dev/Documents/repositories/my-projects/Taskify-server/utils/functions/authentication.ts">
        <metrics statements="20" coveredstatements="11" conditionals="4" coveredconditionals="0" methods="4" coveredmethods="2"/>
        <line num="1" count="1" type="stmt"/>
        <line num="3" count="1" type="stmt"/>
        <line num="4" count="1" type="stmt"/>
        <line num="5" count="1" type="stmt"/>
        <line num="7" count="1" type="stmt"/>
        <line num="10" count="0" type="stmt"/>
        <line num="11" count="0" type="stmt"/>
        <line num="13" count="0" type="stmt"/>
        <line num="15" count="0" type="stmt"/>
        <line num="21" count="0" type="stmt"/>
        <line num="23" count="0" type="cond" truecount="0" falsecount="2"/>
        <line num="28" count="0" type="cond" truecount="0" falsecount="2"/>
        <line num="33" count="0" type="stmt"/>
        <line num="42" count="1" type="stmt"/>
        <line num="43" count="1" type="stmt"/>
        <line num="47" count="1" type="stmt"/>
        <line num="54" count="1" type="stmt"/>
        <line num="58" count="1" type="stmt"/>
        <line num="62" count="0" type="stmt"/>
        <line num="65" count="1" type="stmt"/>
      </file>
    </package>
  </project>
</coverage>
