{"/home/ghost_dev/Documents/repositories/my-projects/Taskify-server/config/redis/index.ts": {"path":"/home/ghost_dev/Documents/repositories/my-projects/Taskify-server/config/redis/index.ts","statementMap":{"0":{"start":{"line":20,"column":9},"end":{"line":20,"column":19}},"1":{"start":{"line":1,"column":0},"end":{"line":1,"column":37}},"2":{"start":{"line":2,"column":0},"end":{"line":2,"column":28}},"3":{"start":{"line":4,"column":0},"end":{"line":4,"column":16}},"4":{"start":{"line":6,"column":14},"end":{"line":8,"column":2}},"5":{"start":{"line":20,"column":21},"end":{"line":20,"column":26}},"6":{"start":{"line":11,"column":2},"end":{"line":17,"column":3}},"7":{"start":{"line":12,"column":18},"end":{"line":12,"column":39}},"8":{"start":{"line":13,"column":4},"end":{"line":13,"column":50}},"9":{"start":{"line":15,"column":4},"end":{"line":15,"column":23}},"10":{"start":{"line":16,"column":4},"end":{"line":16,"column":48}}},"fnMap":{"0":{"name":"startRedis","decl":{"start":{"line":10,"column":15},"end":{"line":10,"column":25}},"loc":{"start":{"line":10,"column":25},"end":{"line":18,"column":1}}}},"branchMap":{"0":{"loc":{"start":{"line":7,"column":7},"end":{"line":7,"column":34}},"type":"binary-expr","locations":[{"start":{"line":7,"column":7},"end":{"line":7,"column":28}},{"start":{"line":7,"column":32},"end":{"line":7,"column":34}}]},"1":{"loc":{"start":{"line":13,"column":4},"end":{"line":13,"column":49}},"type":"binary-expr","locations":[{"start":{"line":13,"column":4},"end":{"line":13,"column":9}},{"start":{"line":13,"column":13},"end":{"line":13,"column":49}}]}},"s":{"0":1,"1":1,"2":1,"3":1,"4":1,"5":1,"6":0,"7":0,"8":0,"9":0,"10":0},"f":{"0":0},"b":{"0":[1,0],"1":[0,0]}}
,"/home/ghost_dev/Documents/repositories/my-projects/Taskify-server/utils/functions/authentication.ts": {"path":"/home/ghost_dev/Documents/repositories/my-projects/Taskify-server/utils/functions/authentication.ts","statementMap":{"0":{"start":{"line":65,"column":9},"end":{"line":65,"column":17}},"1":{"start":{"line":65,"column":19},"end":{"line":65,"column":30}},"2":{"start":{"line":65,"column":32},"end":{"line":65,"column":48}},"3":{"start":{"line":65,"column":50},"end":{"line":65,"column":64}},"4":{"start":{"line":1,"column":0},"end":{"line":1,"column":40}},"5":{"start":{"line":3,"column":0},"end":{"line":3,"column":28}},"6":{"start":{"line":4,"column":0},"end":{"line":4,"column":28}},"7":{"start":{"line":5,"column":0},"end":{"line":5,"column":43}},"8":{"start":{"line":7,"column":0},"end":{"line":7,"column":16}},"9":{"start":{"line":10,"column":14},"end":{"line":10,"column":22}},"10":{"start":{"line":11,"column":23},"end":{"line":11,"column":24}},"11":{"start":{"line":13,"column":20},"end":{"line":13,"column":24}},"12":{"start":{"line":15,"column":18},"end":{"line":19,"column":4}},"13":{"start":{"line":21,"column":19},"end":{"line":21,"column":46}},"14":{"start":{"line":23,"column":22},"end":{"line":26,"column":4}},"15":{"start":{"line":28,"column":23},"end":{"line":31,"column":4}},"16":{"start":{"line":33,"column":2},"end":{"line":38,"column":4}},"17":{"start":{"line":42,"column":15},"end":{"line":42,"column":53}},"18":{"start":{"line":43,"column":18},"end":{"line":45,"column":20}},"19":{"start":{"line":47,"column":2},"end":{"line":50,"column":4}},"20":{"start":{"line":54,"column":17},"end":{"line":56,"column":20}},"21":{"start":{"line":58,"column":2},"end":{"line":58,"column":25}},"22":{"start":{"line":62,"column":2},"end":{"line":62,"column":59}}},"fnMap":{"0":{"name":"issueJWT","decl":{"start":{"line":9,"column":9},"end":{"line":9,"column":17}},"loc":{"start":{"line":9,"column":35},"end":{"line":39,"column":1}}},"1":{"name":"genPassword","decl":{"start":{"line":41,"column":9},"end":{"line":41,"column":20}},"loc":{"start":{"line":41,"column":37},"end":{"line":51,"column":1}}},"2":{"name":"validatePassword","decl":{"start":{"line":53,"column":9},"end":{"line":53,"column":25}},"loc":{"start":{"line":53,"column":70},"end":{"line":59,"column":1}}},"3":{"name":"blacklistToken","decl":{"start":{"line":61,"column":15},"end":{"line":61,"column":29}},"loc":{"start":{"line":61,"column":54},"end":{"line":63,"column":1}}}},"branchMap":{"0":{"loc":{"start":{"line":23,"column":49},"end":{"line":23,"column":73}},"type":"cond-expr","locations":[{"start":{"line":23,"column":60},"end":{"line":23,"column":68}},{"start":{"line":23,"column":71},"end":{"line":23,"column":73}}]},"1":{"loc":{"start":{"line":28,"column":50},"end":{"line":28,"column":74}},"type":"cond-expr","locations":[{"start":{"line":28,"column":61},"end":{"line":28,"column":69}},{"start":{"line":28,"column":72},"end":{"line":28,"column":74}}]}},"s":{"0":1,"1":1,"2":1,"3":1,"4":1,"5":1,"6":1,"7":1,"8":1,"9":0,"10":0,"11":0,"12":0,"13":0,"14":0,"15":0,"16":0,"17":1,"18":1,"19":1,"20":1,"21":1,"22":0},"f":{"0":0,"1":1,"2":1,"3":0},"b":{"0":[0,0],"1":[0,0]}}
,"/home/ghost_dev/Documents/repositories/my-projects/Taskify-server/utils/middlewares/routes/login&register.ts": {"path":"/home/ghost_dev/Documents/repositories/my-projects/Taskify-server/utils/middlewares/routes/login&register.ts","statementMap":{"0":{"start":{"line":2,"column":0},"end":{"line":2,"column":null}},"1":{"start":{"line":8,"column":0},"end":{"line":8,"column":40}},"2":{"start":{"line":10,"column":0},"end":{"line":10,"column":75}},"3":{"start":{"line":11,"column":0},"end":{"line":11,"column":28}},"4":{"start":{"line":12,"column":0},"end":{"line":12,"column":46}},"5":{"start":{"line":13,"column":0},"end":{"line":13,"column":61}},"6":{"start":{"line":15,"column":0},"end":{"line":15,"column":16}},"7":{"start":{"line":17,"column":17},"end":{"line":74,"column":1}},"8":{"start":{"line":18,"column":2},"end":{"line":73,"column":3}},"9":{"start":{"line":19,"column":56},"end":{"line":19,"column":64}},"10":{"start":{"line":21,"column":27},"end":{"line":21,"column":48}},"11":{"start":{"line":23,"column":25},"end":{"line":23,"column":67}},"12":{"start":{"line":25,"column":4},"end":{"line":63,"column":5}},"13":{"start":{"line":26,"column":6},"end":{"line":50,"column":7}},"14":{"start":{"line":32,"column":8},"end":{"line":43,"column":10}},"15":{"start":{"line":45,"column":8},"end":{"line":47,"column":70}},"16":{"start":{"line":49,"column":8},"end":{"line":49,"column":78}},"17":{"start":{"line":52,"column":22},"end":{"line":59,"column":8}},"18":{"start":{"line":61,"column":6},"end":{"line":61,"column":27}},"19":{"start":{"line":62,"column":6},"end":{"line":62,"column":79}},"20":{"start":{"line":65,"column":4},"end":{"line":65,"column":23}},"21":{"start":{"line":67,"column":4},"end":{"line":71,"column":5}},"22":{"start":{"line":68,"column":6},"end":{"line":70,"column":7}},"23":{"start":{"line":69,"column":8},"end":{"line":69,"column":78}},"24":{"start":{"line":72,"column":4},"end":{"line":72,"column":14}},"25":{"start":{"line":363,"column":2},"end":{"line":363,"column":10}},"26":{"start":{"line":76,"column":14},"end":{"line":118,"column":1}},"27":{"start":{"line":77,"column":2},"end":{"line":117,"column":3}},"28":{"start":{"line":78,"column":35},"end":{"line":78,"column":43}},"29":{"start":{"line":79,"column":18},"end":{"line":79,"column":60}},"30":{"start":{"line":81,"column":4},"end":{"line":83,"column":5}},"31":{"start":{"line":82,"column":6},"end":{"line":82,"column":65}},"32":{"start":{"line":85,"column":24},"end":{"line":85,"column":74}},"33":{"start":{"line":87,"column":4},"end":{"line":89,"column":5}},"34":{"start":{"line":88,"column":6},"end":{"line":88,"column":79}},"35":{"start":{"line":91,"column":35},"end":{"line":102,"column":6}},"36":{"start":{"line":104,"column":18},"end":{"line":104,"column":39}},"37":{"start":{"line":106,"column":4},"end":{"line":106,"column":44}},"38":{"start":{"line":107,"column":4},"end":{"line":107,"column":23}},"39":{"start":{"line":109,"column":4},"end":{"line":109,"column":46}},"40":{"start":{"line":110,"column":4},"end":{"line":110,"column":50}},"41":{"start":{"line":111,"column":4},"end":{"line":111,"column":60}},"42":{"start":{"line":112,"column":4},"end":{"line":112,"column":58}},"43":{"start":{"line":114,"column":4},"end":{"line":114,"column":64}},"44":{"start":{"line":116,"column":4},"end":{"line":116,"column":14}},"45":{"start":{"line":364,"column":2},"end":{"line":364,"column":7}},"46":{"start":{"line":120,"column":19},"end":{"line":146,"column":1}},"47":{"start":{"line":121,"column":2},"end":{"line":145,"column":3}},"48":{"start":{"line":122,"column":19},"end":{"line":122,"column":54}},"49":{"start":{"line":124,"column":18},"end":{"line":124,"column":68}},"50":{"start":{"line":126,"column":4},"end":{"line":128,"column":5}},"51":{"start":{"line":127,"column":6},"end":{"line":127,"column":63}},"52":{"start":{"line":130,"column":4},"end":{"line":132,"column":5}},"53":{"start":{"line":131,"column":6},"end":{"line":131,"column":65}},"54":{"start":{"line":134,"column":18},"end":{"line":134,"column":34}},"55":{"start":{"line":135,"column":4},"end":{"line":135,"column":29}},"56":{"start":{"line":137,"column":4},"end":{"line":137,"column":44}},"57":{"start":{"line":138,"column":4},"end":{"line":138,"column":23}},"58":{"start":{"line":140,"column":28},"end":{"line":140,"column":62}},"59":{"start":{"line":142,"column":4},"end":{"line":142,"column":74}},"60":{"start":{"line":144,"column":4},"end":{"line":144,"column":14}},"61":{"start":{"line":365,"column":2},"end":{"line":365,"column":12}},"62":{"start":{"line":148,"column":18},"end":{"line":173,"column":1}},"63":{"start":{"line":149,"column":2},"end":{"line":172,"column":3}},"64":{"start":{"line":150,"column":23},"end":{"line":150,"column":58}},"65":{"start":{"line":152,"column":18},"end":{"line":152,"column":62}},"66":{"start":{"line":154,"column":4},"end":{"line":156,"column":5}},"67":{"start":{"line":155,"column":6},"end":{"line":155,"column":63}},"68":{"start":{"line":158,"column":4},"end":{"line":160,"column":5}},"69":{"start":{"line":159,"column":6},"end":{"line":159,"column":65}},"70":{"start":{"line":162,"column":18},"end":{"line":162,"column":38}},"71":{"start":{"line":163,"column":4},"end":{"line":163,"column":33}},"72":{"start":{"line":165,"column":4},"end":{"line":165,"column":44}},"73":{"start":{"line":166,"column":4},"end":{"line":166,"column":23}},"74":{"start":{"line":168,"column":28},"end":{"line":168,"column":66}},"75":{"start":{"line":169,"column":4},"end":{"line":169,"column":74}},"76":{"start":{"line":171,"column":4},"end":{"line":171,"column":14}},"77":{"start":{"line":366,"column":2},"end":{"line":366,"column":11}},"78":{"start":{"line":175,"column":21},"end":{"line":270,"column":1}},"79":{"start":{"line":180,"column":2},"end":{"line":269,"column":3}},"80":{"start":{"line":181,"column":22},"end":{"line":181,"column":30}},"81":{"start":{"line":183,"column":4},"end":{"line":185,"column":5}},"82":{"start":{"line":184,"column":6},"end":{"line":184,"column":78}},"83":{"start":{"line":187,"column":24},"end":{"line":187,"column":47}},"84":{"start":{"line":189,"column":4},"end":{"line":191,"column":5}},"85":{"start":{"line":190,"column":6},"end":{"line":190,"column":63}},"86":{"start":{"line":193,"column":24},"end":{"line":193,"column":60}},"87":{"start":{"line":194,"column":29},"end":{"line":194,"column":61}},"88":{"start":{"line":196,"column":4},"end":{"line":200,"column":5}},"89":{"start":{"line":197,"column":6},"end":{"line":199,"column":69}},"90":{"start":{"line":202,"column":26},"end":{"line":202,"column":63}},"91":{"start":{"line":204,"column":40},"end":{"line":205,"column":null}},"92":{"start":{"line":208,"column":4},"end":{"line":211,"column":72}},"93":{"start":{"line":209,"column":6},"end":{"line":211,"column":72}},"94":{"start":{"line":214,"column":4},"end":{"line":224,"column":5}},"95":{"start":{"line":215,"column":6},"end":{"line":218,"column":22}},"96":{"start":{"line":220,"column":6},"end":{"line":222,"column":7}},"97":{"start":{"line":221,"column":8},"end":{"line":221,"column":79}},"98":{"start":{"line":223,"column":6},"end":{"line":223,"column":73}},"99":{"start":{"line":226,"column":4},"end":{"line":228,"column":5}},"100":{"start":{"line":227,"column":6},"end":{"line":227,"column":73}},"101":{"start":{"line":230,"column":27},"end":{"line":230,"column":64}},"102":{"start":{"line":232,"column":4},"end":{"line":234,"column":5}},"103":{"start":{"line":233,"column":6},"end":{"line":233,"column":72}},"104":{"start":{"line":236,"column":4},"end":{"line":241,"column":5}},"105":{"start":{"line":237,"column":21},"end":{"line":237,"column":69}},"106":{"start":{"line":238,"column":6},"end":{"line":238,"column":53}},"107":{"start":{"line":239,"column":6},"end":{"line":239,"column":42}},"108":{"start":{"line":240,"column":6},"end":{"line":240,"column":39}},"109":{"start":{"line":243,"column":23},"end":{"line":243,"column":41}},"110":{"start":{"line":244,"column":20},"end":{"line":248,"column":6}},"111":{"start":{"line":249,"column":24},"end":{"line":252,"column":null}},"112":{"start":{"line":255,"column":25},"end":{"line":258,"column":null}},"113":{"start":{"line":261,"column":4},"end":{"line":261,"column":50}},"114":{"start":{"line":262,"column":4},"end":{"line":262,"column":50}},"115":{"start":{"line":264,"column":4},"end":{"line":264,"column":29}},"116":{"start":{"line":266,"column":4},"end":{"line":266,"column":49}},"117":{"start":{"line":268,"column":4},"end":{"line":268,"column":14}},"118":{"start":{"line":367,"column":2},"end":{"line":367,"column":14}},"119":{"start":{"line":272,"column":31},"end":{"line":312,"column":1}},"120":{"start":{"line":277,"column":2},"end":{"line":311,"column":3}},"121":{"start":{"line":278,"column":24},"end":{"line":278,"column":67}},"122":{"start":{"line":280,"column":4},"end":{"line":280,"column":79}},"123":{"start":{"line":280,"column":22},"end":{"line":280,"column":79}},"124":{"start":{"line":282,"column":26},"end":{"line":282,"column":69}},"125":{"start":{"line":284,"column":4},"end":{"line":285,"column":75}},"126":{"start":{"line":285,"column":6},"end":{"line":285,"column":75}},"127":{"start":{"line":288,"column":4},"end":{"line":298,"column":5}},"128":{"start":{"line":289,"column":6},"end":{"line":292,"column":22}},"129":{"start":{"line":294,"column":6},"end":{"line":296,"column":7}},"130":{"start":{"line":295,"column":8},"end":{"line":295,"column":79}},"131":{"start":{"line":297,"column":6},"end":{"line":297,"column":73}},"132":{"start":{"line":300,"column":4},"end":{"line":300,"column":80}},"133":{"start":{"line":300,"column":22},"end":{"line":300,"column":80}},"134":{"start":{"line":302,"column":30},"end":{"line":302,"column":66}},"135":{"start":{"line":304,"column":4},"end":{"line":305,"column":65}},"136":{"start":{"line":305,"column":6},"end":{"line":305,"column":65}},"137":{"start":{"line":307,"column":4},"end":{"line":307,"column":33}},"138":{"start":{"line":308,"column":4},"end":{"line":308,"column":11}},"139":{"start":{"line":310,"column":4},"end":{"line":310,"column":14}},"140":{"start":{"line":368,"column":2},"end":{"line":368,"column":24}},"141":{"start":{"line":314,"column":15},"end":{"line":360,"column":1}},"142":{"start":{"line":315,"column":2},"end":{"line":359,"column":3}},"143":{"start":{"line":316,"column":24},"end":{"line":316,"column":47}},"144":{"start":{"line":318,"column":22},"end":{"line":318,"column":65}},"145":{"start":{"line":320,"column":4},"end":{"line":327,"column":5}},"146":{"start":{"line":321,"column":21},"end":{"line":321,"column":65}},"147":{"start":{"line":322,"column":21},"end":{"line":324,"column":58}},"148":{"start":{"line":326,"column":6},"end":{"line":326,"column":46}},"149":{"start":{"line":329,"column":4},"end":{"line":331,"column":7}},"150":{"start":{"line":333,"column":4},"end":{"line":333,"column":25}},"151":{"start":{"line":335,"column":41},"end":{"line":341,"column":6}},"152":{"start":{"line":343,"column":4},"end":{"line":343,"column":50}},"153":{"start":{"line":344,"column":4},"end":{"line":344,"column":64}},"154":{"start":{"line":346,"column":4},"end":{"line":356,"column":5}},"155":{"start":{"line":347,"column":6},"end":{"line":353,"column":9}},"156":{"start":{"line":348,"column":8},"end":{"line":350,"column":9}},"157":{"start":{"line":349,"column":10},"end":{"line":349,"column":27}},"158":{"start":{"line":351,"column":8},"end":{"line":351,"column":54}},"159":{"start":{"line":352,"column":8},"end":{"line":352,"column":69}},"160":{"start":{"line":355,"column":6},"end":{"line":355,"column":67}},"161":{"start":{"line":358,"column":4},"end":{"line":358,"column":14}},"162":{"start":{"line":369,"column":2},"end":{"line":369,"column":8}}},"fnMap":{"0":{"name":"(anonymous_7)","decl":{"start":{"line":17,"column":17},"end":{"line":17,"column":22}},"loc":{"start":{"line":17,"column":75},"end":{"line":74,"column":1}}},"1":{"name":"(anonymous_8)","decl":{"start":{"line":76,"column":14},"end":{"line":76,"column":19}},"loc":{"start":{"line":76,"column":72},"end":{"line":118,"column":1}}},"2":{"name":"(anonymous_9)","decl":{"start":{"line":120,"column":19},"end":{"line":120,"column":24}},"loc":{"start":{"line":120,"column":77},"end":{"line":146,"column":1}}},"3":{"name":"(anonymous_10)","decl":{"start":{"line":148,"column":18},"end":{"line":148,"column":23}},"loc":{"start":{"line":148,"column":76},"end":{"line":173,"column":1}}},"4":{"name":"(anonymous_11)","decl":{"start":{"line":175,"column":21},"end":{"line":175,"column":26}},"loc":{"start":{"line":179,"column":4},"end":{"line":270,"column":1}}},"5":{"name":"(anonymous_12)","decl":{"start":{"line":272,"column":31},"end":{"line":272,"column":36}},"loc":{"start":{"line":276,"column":4},"end":{"line":312,"column":1}}},"6":{"name":"(anonymous_13)","decl":{"start":{"line":314,"column":15},"end":{"line":314,"column":20}},"loc":{"start":{"line":314,"column":73},"end":{"line":360,"column":1}}},"7":{"name":"(anonymous_14)","decl":{"start":{"line":347,"column":26},"end":{"line":347,"column":27}},"loc":{"start":{"line":347,"column":34},"end":{"line":353,"column":7}}}},"branchMap":{"0":{"loc":{"start":{"line":25,"column":4},"end":{"line":63,"column":5}},"type":"if","locations":[{"start":{"line":25,"column":4},"end":{"line":63,"column":5}},{"start":{"line":51,"column":11},"end":{"line":63,"column":5}}]},"1":{"loc":{"start":{"line":26,"column":6},"end":{"line":50,"column":7}},"type":"if","locations":[{"start":{"line":26,"column":6},"end":{"line":50,"column":7}},{"start":{"line":48,"column":13},"end":{"line":50,"column":7}}]},"2":{"loc":{"start":{"line":27,"column":8},"end":{"line":30,"column":39}},"type":"binary-expr","locations":[{"start":{"line":27,"column":8},"end":{"line":27,"column":35}},{"start":{"line":28,"column":8},"end":{"line":28,"column":46}},{"start":{"line":29,"column":8},"end":{"line":29,"column":39}},{"start":{"line":30,"column":8},"end":{"line":30,"column":39}}]},"3":{"loc":{"start":{"line":67,"column":4},"end":{"line":71,"column":5}},"type":"if","locations":[{"start":{"line":67,"column":4},"end":{"line":71,"column":5}}]},"4":{"loc":{"start":{"line":68,"column":6},"end":{"line":70,"column":7}},"type":"if","locations":[{"start":{"line":68,"column":6},"end":{"line":70,"column":7}}]},"5":{"loc":{"start":{"line":68,"column":10},"end":{"line":68,"column":45}},"type":"binary-expr","locations":[{"start":{"line":68,"column":10},"end":{"line":68,"column":23}},{"start":{"line":68,"column":27},"end":{"line":68,"column":45}}]},"6":{"loc":{"start":{"line":81,"column":4},"end":{"line":83,"column":5}},"type":"if","locations":[{"start":{"line":81,"column":4},"end":{"line":83,"column":5}}]},"7":{"loc":{"start":{"line":87,"column":4},"end":{"line":89,"column":5}},"type":"if","locations":[{"start":{"line":87,"column":4},"end":{"line":89,"column":5}}]},"8":{"loc":{"start":{"line":126,"column":4},"end":{"line":128,"column":5}},"type":"if","locations":[{"start":{"line":126,"column":4},"end":{"line":128,"column":5}}]},"9":{"loc":{"start":{"line":130,"column":4},"end":{"line":132,"column":5}},"type":"if","locations":[{"start":{"line":130,"column":4},"end":{"line":132,"column":5}}]},"10":{"loc":{"start":{"line":154,"column":4},"end":{"line":156,"column":5}},"type":"if","locations":[{"start":{"line":154,"column":4},"end":{"line":156,"column":5}}]},"11":{"loc":{"start":{"line":158,"column":4},"end":{"line":160,"column":5}},"type":"if","locations":[{"start":{"line":158,"column":4},"end":{"line":160,"column":5}}]},"12":{"loc":{"start":{"line":183,"column":4},"end":{"line":185,"column":5}},"type":"if","locations":[{"start":{"line":183,"column":4},"end":{"line":185,"column":5}}]},"13":{"loc":{"start":{"line":189,"column":4},"end":{"line":191,"column":5}},"type":"if","locations":[{"start":{"line":189,"column":4},"end":{"line":191,"column":5}}]},"14":{"loc":{"start":{"line":196,"column":4},"end":{"line":200,"column":5}},"type":"if","locations":[{"start":{"line":196,"column":4},"end":{"line":200,"column":5}}]},"15":{"loc":{"start":{"line":196,"column":8},"end":{"line":196,"column":49}},"type":"binary-expr","locations":[{"start":{"line":196,"column":8},"end":{"line":196,"column":20}},{"start":{"line":196,"column":24},"end":{"line":196,"column":49}}]},"16":{"loc":{"start":{"line":208,"column":4},"end":{"line":211,"column":72}},"type":"if","locations":[{"start":{"line":208,"column":4},"end":{"line":211,"column":72}}]},"17":{"loc":{"start":{"line":208,"column":8},"end":{"line":208,"column":52}},"type":"binary-expr","locations":[{"start":{"line":208,"column":8},"end":{"line":208,"column":21}},{"start":{"line":208,"column":25},"end":{"line":208,"column":52}}]},"18":{"loc":{"start":{"line":217,"column":8},"end":{"line":217,"column":51}},"type":"binary-expr","locations":[{"start":{"line":217,"column":8},"end":{"line":217,"column":45}},{"start":{"line":217,"column":49},"end":{"line":217,"column":51}}]},"19":{"loc":{"start":{"line":220,"column":6},"end":{"line":222,"column":7}},"type":"if","locations":[{"start":{"line":220,"column":6},"end":{"line":222,"column":7}}]},"20":{"loc":{"start":{"line":226,"column":4},"end":{"line":228,"column":5}},"type":"if","locations":[{"start":{"line":226,"column":4},"end":{"line":228,"column":5}}]},"21":{"loc":{"start":{"line":230,"column":27},"end":{"line":230,"column":64}},"type":"binary-expr","locations":[{"start":{"line":230,"column":27},"end":{"line":230,"column":59}},{"start":{"line":230,"column":63},"end":{"line":230,"column":64}}]},"22":{"loc":{"start":{"line":232,"column":4},"end":{"line":234,"column":5}},"type":"if","locations":[{"start":{"line":232,"column":4},"end":{"line":234,"column":5}}]},"23":{"loc":{"start":{"line":236,"column":4},"end":{"line":241,"column":5}},"type":"if","locations":[{"start":{"line":236,"column":4},"end":{"line":241,"column":5}}]},"24":{"loc":{"start":{"line":251,"column":6},"end":{"line":251,"column":39}},"type":"binary-expr","locations":[{"start":{"line":251,"column":6},"end":{"line":251,"column":33}},{"start":{"line":251,"column":37},"end":{"line":251,"column":39}}]},"25":{"loc":{"start":{"line":257,"column":6},"end":{"line":257,"column":39}},"type":"binary-expr","locations":[{"start":{"line":257,"column":6},"end":{"line":257,"column":33}},{"start":{"line":257,"column":37},"end":{"line":257,"column":39}}]},"26":{"loc":{"start":{"line":280,"column":4},"end":{"line":280,"column":79}},"type":"if","locations":[{"start":{"line":280,"column":4},"end":{"line":280,"column":79}}]},"27":{"loc":{"start":{"line":284,"column":4},"end":{"line":285,"column":75}},"type":"if","locations":[{"start":{"line":284,"column":4},"end":{"line":285,"column":75}}]},"28":{"loc":{"start":{"line":291,"column":8},"end":{"line":291,"column":51}},"type":"binary-expr","locations":[{"start":{"line":291,"column":8},"end":{"line":291,"column":45}},{"start":{"line":291,"column":49},"end":{"line":291,"column":51}}]},"29":{"loc":{"start":{"line":294,"column":6},"end":{"line":296,"column":7}},"type":"if","locations":[{"start":{"line":294,"column":6},"end":{"line":296,"column":7}}]},"30":{"loc":{"start":{"line":300,"column":4},"end":{"line":300,"column":80}},"type":"if","locations":[{"start":{"line":300,"column":4},"end":{"line":300,"column":80}}]},"31":{"loc":{"start":{"line":304,"column":4},"end":{"line":305,"column":65}},"type":"if","locations":[{"start":{"line":304,"column":4},"end":{"line":305,"column":65}}]},"32":{"loc":{"start":{"line":320,"column":4},"end":{"line":327,"column":5}},"type":"if","locations":[{"start":{"line":320,"column":4},"end":{"line":327,"column":5}}]},"33":{"loc":{"start":{"line":322,"column":21},"end":{"line":324,"column":58}},"type":"cond-expr","locations":[{"start":{"line":323,"column":10},"end":{"line":323,"column":52}},{"start":{"line":324,"column":10},"end":{"line":324,"column":58}}]},"34":{"loc":{"start":{"line":338,"column":16},"end":{"line":338,"column":72}},"type":"cond-expr","locations":[{"start":{"line":338,"column":56},"end":{"line":338,"column":64}},{"start":{"line":338,"column":67},"end":{"line":338,"column":72}}]},"35":{"loc":{"start":{"line":346,"column":4},"end":{"line":356,"column":5}},"type":"if","locations":[{"start":{"line":346,"column":4},"end":{"line":356,"column":5}},{"start":{"line":354,"column":11},"end":{"line":356,"column":5}}]},"36":{"loc":{"start":{"line":348,"column":8},"end":{"line":350,"column":9}},"type":"if","locations":[{"start":{"line":348,"column":8},"end":{"line":350,"column":9}}]}},"s":{"0":1,"1":1,"2":1,"3":1,"4":1,"5":1,"6":1,"7":1,"8":2,"9":2,"10":2,"11":1,"12":1,"13":1,"14":1,"15":1,"16":0,"17":0,"18":0,"19":0,"20":1,"21":1,"22":1,"23":0,"24":1,"25":1,"26":1,"27":3,"28":3,"29":3,"30":3,"31":1,"32":2,"33":2,"34":1,"35":1,"36":1,"37":1,"38":1,"39":1,"40":1,"41":1,"42":1,"43":1,"44":0,"45":1,"46":1,"47":3,"48":3,"49":3,"50":3,"51":1,"52":2,"53":1,"54":1,"55":1,"56":1,"57":1,"58":1,"59":1,"60":0,"61":1,"62":1,"63":0,"64":0,"65":0,"66":0,"67":0,"68":0,"69":0,"70":0,"71":0,"72":0,"73":0,"74":0,"75":0,"76":0,"77":1,"78":1,"79":5,"80":5,"81":5,"82":1,"83":4,"84":4,"85":1,"86":3,"87":3,"88":3,"89":0,"90":3,"91":3,"92":3,"93":2,"94":1,"95":1,"96":0,"97":0,"98":0,"99":1,"100":0,"101":1,"102":1,"103":1,"104":0,"105":0,"106":0,"107":0,"108":0,"109":0,"110":0,"111":0,"112":0,"113":0,"114":0,"115":0,"116":0,"117":0,"118":1,"119":1,"120":4,"121":4,"122":4,"123":1,"124":3,"125":3,"126":1,"127":2,"128":2,"129":0,"130":0,"131":0,"132":2,"133":1,"134":1,"135":1,"136":1,"137":0,"138":0,"139":0,"140":1,"141":1,"142":0,"143":0,"144":0,"145":0,"146":0,"147":0,"148":0,"149":0,"150":0,"151":0,"152":0,"153":0,"154":0,"155":0,"156":0,"157":0,"158":0,"159":0,"160":0,"161":0,"162":1},"f":{"0":2,"1":3,"2":3,"3":0,"4":5,"5":4,"6":0,"7":0},"b":{"0":[1,0],"1":[1,0],"2":[1,1,1,1],"3":[1],"4":[0],"5":[1,0],"6":[1],"7":[1],"8":[1],"9":[1],"10":[0],"11":[0],"12":[1],"13":[1],"14":[0],"15":[3,3],"16":[2],"17":[3,1],"18":[1,0],"19":[0],"20":[0],"21":[1,0],"22":[1],"23":[0],"24":[0,0],"25":[0,0],"26":[1],"27":[1],"28":[2,0],"29":[0],"30":[1],"31":[1],"32":[0],"33":[0,0],"34":[0,0],"35":[0,0],"36":[0]}}
}
