{"/home/ghost_dev/Documents/repositories/my-projects/Taskify-server/config/redis/index.ts": {"path":"/home/ghost_dev/Documents/repositories/my-projects/Taskify-server/config/redis/index.ts","statementMap":{"0":{"start":{"line":20,"column":9},"end":{"line":20,"column":19}},"1":{"start":{"line":1,"column":0},"end":{"line":1,"column":37}},"2":{"start":{"line":2,"column":0},"end":{"line":2,"column":28}},"3":{"start":{"line":4,"column":0},"end":{"line":4,"column":16}},"4":{"start":{"line":6,"column":14},"end":{"line":8,"column":2}},"5":{"start":{"line":20,"column":21},"end":{"line":20,"column":26}},"6":{"start":{"line":11,"column":2},"end":{"line":17,"column":3}},"7":{"start":{"line":12,"column":18},"end":{"line":12,"column":39}},"8":{"start":{"line":13,"column":4},"end":{"line":13,"column":50}},"9":{"start":{"line":15,"column":4},"end":{"line":15,"column":23}},"10":{"start":{"line":16,"column":4},"end":{"line":16,"column":48}}},"fnMap":{"0":{"name":"startRedis","decl":{"start":{"line":10,"column":15},"end":{"line":10,"column":25}},"loc":{"start":{"line":10,"column":25},"end":{"line":18,"column":null}}}},"branchMap":{"0":{"loc":{"start":{"line":7,"column":7},"end":{"line":7,"column":34}},"type":"binary-expr","locations":[{"start":{"line":7,"column":7},"end":{"line":7,"column":28}},{"start":{"line":7,"column":32},"end":{"line":7,"column":34}}]},"1":{"loc":{"start":{"line":13,"column":4},"end":{"line":13,"column":49}},"type":"binary-expr","locations":[{"start":{"line":13,"column":4},"end":{"line":13,"column":9}},{"start":{"line":13,"column":13},"end":{"line":13,"column":49}}]}},"s":{"0":2,"1":2,"2":2,"3":2,"4":2,"5":2,"6":0,"7":0,"8":0,"9":0,"10":0},"f":{"0":0},"b":{"0":[2,0],"1":[0,0]}}
,"/home/ghost_dev/Documents/repositories/my-projects/Taskify-server/utils/functions/authentication.ts": {"path":"/home/ghost_dev/Documents/repositories/my-projects/Taskify-server/utils/functions/authentication.ts","statementMap":{"0":{"start":{"line":65,"column":9},"end":{"line":65,"column":17}},"1":{"start":{"line":65,"column":19},"end":{"line":65,"column":30}},"2":{"start":{"line":65,"column":32},"end":{"line":65,"column":48}},"3":{"start":{"line":65,"column":50},"end":{"line":65,"column":64}},"4":{"start":{"line":1,"column":0},"end":{"line":1,"column":40}},"5":{"start":{"line":3,"column":0},"end":{"line":3,"column":28}},"6":{"start":{"line":4,"column":0},"end":{"line":4,"column":28}},"7":{"start":{"line":5,"column":0},"end":{"line":5,"column":43}},"8":{"start":{"line":7,"column":0},"end":{"line":7,"column":16}},"9":{"start":{"line":10,"column":14},"end":{"line":10,"column":22}},"10":{"start":{"line":11,"column":23},"end":{"line":11,"column":24}},"11":{"start":{"line":13,"column":20},"end":{"line":13,"column":24}},"12":{"start":{"line":15,"column":18},"end":{"line":19,"column":4}},"13":{"start":{"line":21,"column":19},"end":{"line":21,"column":46}},"14":{"start":{"line":23,"column":22},"end":{"line":26,"column":4}},"15":{"start":{"line":28,"column":23},"end":{"line":31,"column":4}},"16":{"start":{"line":33,"column":2},"end":{"line":38,"column":4}},"17":{"start":{"line":42,"column":15},"end":{"line":42,"column":53}},"18":{"start":{"line":43,"column":18},"end":{"line":45,"column":20}},"19":{"start":{"line":47,"column":2},"end":{"line":50,"column":4}},"20":{"start":{"line":54,"column":17},"end":{"line":56,"column":20}},"21":{"start":{"line":58,"column":2},"end":{"line":58,"column":25}},"22":{"start":{"line":62,"column":2},"end":{"line":62,"column":59}}},"fnMap":{"0":{"name":"issueJWT","decl":{"start":{"line":9,"column":9},"end":{"line":9,"column":17}},"loc":{"start":{"line":9,"column":35},"end":{"line":39,"column":1}}},"1":{"name":"genPassword","decl":{"start":{"line":41,"column":9},"end":{"line":41,"column":20}},"loc":{"start":{"line":41,"column":37},"end":{"line":51,"column":1}}},"2":{"name":"validatePassword","decl":{"start":{"line":53,"column":9},"end":{"line":53,"column":25}},"loc":{"start":{"line":53,"column":70},"end":{"line":59,"column":1}}},"3":{"name":"blacklistToken","decl":{"start":{"line":61,"column":15},"end":{"line":61,"column":29}},"loc":{"start":{"line":61,"column":54},"end":{"line":63,"column":null}}}},"branchMap":{"0":{"loc":{"start":{"line":23,"column":49},"end":{"line":23,"column":73}},"type":"cond-expr","locations":[{"start":{"line":23,"column":60},"end":{"line":23,"column":68}},{"start":{"line":23,"column":71},"end":{"line":23,"column":73}}]},"1":{"loc":{"start":{"line":28,"column":50},"end":{"line":28,"column":74}},"type":"cond-expr","locations":[{"start":{"line":28,"column":61},"end":{"line":28,"column":69}},{"start":{"line":28,"column":72},"end":{"line":28,"column":74}}]}},"s":{"0":1,"1":1,"2":1,"3":1,"4":1,"5":1,"6":1,"7":1,"8":1,"9":0,"10":0,"11":0,"12":0,"13":0,"14":0,"15":0,"16":0,"17":1,"18":1,"19":1,"20":1,"21":1,"22":0},"f":{"0":0,"1":1,"2":1,"3":0},"b":{"0":[0,0],"1":[0,0]}}
,"/home/ghost_dev/Documents/repositories/my-projects/Taskify-server/utils/middlewares/routes/login&register.ts": {"path":"/home/ghost_dev/Documents/repositories/my-projects/Taskify-server/utils/middlewares/routes/login&register.ts","statementMap":{"0":{"start":{"line":2,"column":0},"end":{"line":2,"column":null}},"1":{"start":{"line":8,"column":0},"end":{"line":8,"column":40}},"2":{"start":{"line":10,"column":0},"end":{"line":10,"column":75}},"3":{"start":{"line":11,"column":0},"end":{"line":11,"column":28}},"4":{"start":{"line":12,"column":0},"end":{"line":12,"column":46}},"5":{"start":{"line":13,"column":0},"end":{"line":13,"column":61}},"6":{"start":{"line":15,"column":0},"end":{"line":15,"column":16}},"7":{"start":{"line":17,"column":17},"end":{"line":74,"column":2}},"8":{"start":{"line":17,"column":75},"end":{"line":74,"column":2}},"9":{"start":{"line":18,"column":2},"end":{"line":73,"column":3}},"10":{"start":{"line":19,"column":56},"end":{"line":19,"column":64}},"11":{"start":{"line":21,"column":27},"end":{"line":21,"column":48}},"12":{"start":{"line":23,"column":25},"end":{"line":23,"column":67}},"13":{"start":{"line":25,"column":4},"end":{"line":63,"column":5}},"14":{"start":{"line":26,"column":6},"end":{"line":50,"column":7}},"15":{"start":{"line":32,"column":8},"end":{"line":43,"column":10}},"16":{"start":{"line":45,"column":8},"end":{"line":47,"column":70}},"17":{"start":{"line":49,"column":8},"end":{"line":49,"column":78}},"18":{"start":{"line":52,"column":22},"end":{"line":59,"column":8}},"19":{"start":{"line":61,"column":6},"end":{"line":61,"column":27}},"20":{"start":{"line":62,"column":6},"end":{"line":62,"column":79}},"21":{"start":{"line":65,"column":4},"end":{"line":65,"column":23}},"22":{"start":{"line":67,"column":4},"end":{"line":71,"column":5}},"23":{"start":{"line":68,"column":6},"end":{"line":70,"column":7}},"24":{"start":{"line":69,"column":8},"end":{"line":69,"column":78}},"25":{"start":{"line":72,"column":4},"end":{"line":72,"column":14}},"26":{"start":{"line":363,"column":2},"end":{"line":363,"column":10}},"27":{"start":{"line":76,"column":14},"end":{"line":118,"column":2}},"28":{"start":{"line":76,"column":72},"end":{"line":118,"column":2}},"29":{"start":{"line":77,"column":2},"end":{"line":117,"column":3}},"30":{"start":{"line":78,"column":35},"end":{"line":78,"column":43}},"31":{"start":{"line":79,"column":18},"end":{"line":79,"column":60}},"32":{"start":{"line":81,"column":4},"end":{"line":83,"column":5}},"33":{"start":{"line":82,"column":6},"end":{"line":82,"column":65}},"34":{"start":{"line":85,"column":24},"end":{"line":85,"column":74}},"35":{"start":{"line":87,"column":4},"end":{"line":89,"column":5}},"36":{"start":{"line":88,"column":6},"end":{"line":88,"column":79}},"37":{"start":{"line":91,"column":35},"end":{"line":102,"column":6}},"38":{"start":{"line":104,"column":18},"end":{"line":104,"column":39}},"39":{"start":{"line":106,"column":4},"end":{"line":106,"column":44}},"40":{"start":{"line":107,"column":4},"end":{"line":107,"column":23}},"41":{"start":{"line":109,"column":4},"end":{"line":109,"column":46}},"42":{"start":{"line":110,"column":4},"end":{"line":110,"column":50}},"43":{"start":{"line":111,"column":4},"end":{"line":111,"column":60}},"44":{"start":{"line":112,"column":4},"end":{"line":112,"column":58}},"45":{"start":{"line":114,"column":4},"end":{"line":114,"column":64}},"46":{"start":{"line":116,"column":4},"end":{"line":116,"column":14}},"47":{"start":{"line":364,"column":2},"end":{"line":364,"column":7}},"48":{"start":{"line":120,"column":19},"end":{"line":146,"column":2}},"49":{"start":{"line":120,"column":77},"end":{"line":146,"column":2}},"50":{"start":{"line":121,"column":2},"end":{"line":145,"column":3}},"51":{"start":{"line":122,"column":19},"end":{"line":122,"column":54}},"52":{"start":{"line":124,"column":18},"end":{"line":124,"column":68}},"53":{"start":{"line":126,"column":4},"end":{"line":128,"column":5}},"54":{"start":{"line":127,"column":6},"end":{"line":127,"column":63}},"55":{"start":{"line":130,"column":4},"end":{"line":132,"column":5}},"56":{"start":{"line":131,"column":6},"end":{"line":131,"column":65}},"57":{"start":{"line":134,"column":18},"end":{"line":134,"column":34}},"58":{"start":{"line":135,"column":4},"end":{"line":135,"column":29}},"59":{"start":{"line":137,"column":4},"end":{"line":137,"column":44}},"60":{"start":{"line":138,"column":4},"end":{"line":138,"column":23}},"61":{"start":{"line":140,"column":28},"end":{"line":140,"column":62}},"62":{"start":{"line":142,"column":4},"end":{"line":142,"column":74}},"63":{"start":{"line":144,"column":4},"end":{"line":144,"column":14}},"64":{"start":{"line":365,"column":2},"end":{"line":365,"column":12}},"65":{"start":{"line":148,"column":18},"end":{"line":173,"column":2}},"66":{"start":{"line":148,"column":76},"end":{"line":173,"column":2}},"67":{"start":{"line":149,"column":2},"end":{"line":172,"column":3}},"68":{"start":{"line":150,"column":23},"end":{"line":150,"column":58}},"69":{"start":{"line":152,"column":18},"end":{"line":152,"column":62}},"70":{"start":{"line":154,"column":4},"end":{"line":156,"column":5}},"71":{"start":{"line":155,"column":6},"end":{"line":155,"column":63}},"72":{"start":{"line":158,"column":4},"end":{"line":160,"column":5}},"73":{"start":{"line":159,"column":6},"end":{"line":159,"column":65}},"74":{"start":{"line":162,"column":18},"end":{"line":162,"column":38}},"75":{"start":{"line":163,"column":4},"end":{"line":163,"column":33}},"76":{"start":{"line":165,"column":4},"end":{"line":165,"column":44}},"77":{"start":{"line":166,"column":4},"end":{"line":166,"column":23}},"78":{"start":{"line":168,"column":28},"end":{"line":168,"column":66}},"79":{"start":{"line":169,"column":4},"end":{"line":169,"column":74}},"80":{"start":{"line":171,"column":4},"end":{"line":171,"column":14}},"81":{"start":{"line":366,"column":2},"end":{"line":366,"column":11}},"82":{"start":{"line":175,"column":21},"end":{"line":270,"column":2}},"83":{"start":{"line":179,"column":4},"end":{"line":270,"column":2}},"84":{"start":{"line":180,"column":2},"end":{"line":269,"column":3}},"85":{"start":{"line":181,"column":22},"end":{"line":181,"column":30}},"86":{"start":{"line":183,"column":4},"end":{"line":185,"column":5}},"87":{"start":{"line":184,"column":6},"end":{"line":184,"column":78}},"88":{"start":{"line":187,"column":24},"end":{"line":187,"column":47}},"89":{"start":{"line":189,"column":4},"end":{"line":191,"column":5}},"90":{"start":{"line":190,"column":6},"end":{"line":190,"column":50}},"91":{"start":{"line":193,"column":24},"end":{"line":193,"column":60}},"92":{"start":{"line":194,"column":29},"end":{"line":194,"column":61}},"93":{"start":{"line":196,"column":4},"end":{"line":200,"column":5}},"94":{"start":{"line":197,"column":6},"end":{"line":199,"column":69}},"95":{"start":{"line":202,"column":26},"end":{"line":202,"column":63}},"96":{"start":{"line":204,"column":40},"end":{"line":205,"column":null}},"97":{"start":{"line":208,"column":4},"end":{"line":211,"column":72}},"98":{"start":{"line":209,"column":6},"end":{"line":211,"column":72}},"99":{"start":{"line":214,"column":4},"end":{"line":224,"column":5}},"100":{"start":{"line":215,"column":6},"end":{"line":218,"column":22}},"101":{"start":{"line":220,"column":6},"end":{"line":222,"column":7}},"102":{"start":{"line":221,"column":8},"end":{"line":221,"column":79}},"103":{"start":{"line":223,"column":6},"end":{"line":223,"column":73}},"104":{"start":{"line":226,"column":4},"end":{"line":228,"column":5}},"105":{"start":{"line":227,"column":6},"end":{"line":227,"column":73}},"106":{"start":{"line":230,"column":27},"end":{"line":230,"column":64}},"107":{"start":{"line":232,"column":4},"end":{"line":234,"column":5}},"108":{"start":{"line":233,"column":6},"end":{"line":233,"column":72}},"109":{"start":{"line":236,"column":4},"end":{"line":241,"column":5}},"110":{"start":{"line":237,"column":21},"end":{"line":237,"column":69}},"111":{"start":{"line":238,"column":6},"end":{"line":238,"column":53}},"112":{"start":{"line":239,"column":6},"end":{"line":239,"column":42}},"113":{"start":{"line":240,"column":6},"end":{"line":240,"column":39}},"114":{"start":{"line":243,"column":23},"end":{"line":243,"column":41}},"115":{"start":{"line":244,"column":20},"end":{"line":248,"column":6}},"116":{"start":{"line":249,"column":24},"end":{"line":252,"column":null}},"117":{"start":{"line":255,"column":25},"end":{"line":258,"column":null}},"118":{"start":{"line":261,"column":4},"end":{"line":261,"column":50}},"119":{"start":{"line":262,"column":4},"end":{"line":262,"column":50}},"120":{"start":{"line":264,"column":4},"end":{"line":264,"column":29}},"121":{"start":{"line":266,"column":4},"end":{"line":266,"column":49}},"122":{"start":{"line":268,"column":4},"end":{"line":268,"column":14}},"123":{"start":{"line":367,"column":2},"end":{"line":367,"column":14}},"124":{"start":{"line":272,"column":31},"end":{"line":312,"column":2}},"125":{"start":{"line":276,"column":4},"end":{"line":312,"column":2}},"126":{"start":{"line":277,"column":2},"end":{"line":311,"column":3}},"127":{"start":{"line":278,"column":24},"end":{"line":278,"column":67}},"128":{"start":{"line":280,"column":4},"end":{"line":280,"column":79}},"129":{"start":{"line":280,"column":22},"end":{"line":280,"column":79}},"130":{"start":{"line":282,"column":26},"end":{"line":282,"column":69}},"131":{"start":{"line":284,"column":4},"end":{"line":285,"column":75}},"132":{"start":{"line":285,"column":6},"end":{"line":285,"column":75}},"133":{"start":{"line":288,"column":4},"end":{"line":298,"column":5}},"134":{"start":{"line":289,"column":6},"end":{"line":292,"column":22}},"135":{"start":{"line":294,"column":6},"end":{"line":296,"column":7}},"136":{"start":{"line":295,"column":8},"end":{"line":295,"column":79}},"137":{"start":{"line":297,"column":6},"end":{"line":297,"column":73}},"138":{"start":{"line":300,"column":4},"end":{"line":300,"column":80}},"139":{"start":{"line":300,"column":22},"end":{"line":300,"column":80}},"140":{"start":{"line":302,"column":30},"end":{"line":302,"column":66}},"141":{"start":{"line":304,"column":4},"end":{"line":305,"column":65}},"142":{"start":{"line":305,"column":6},"end":{"line":305,"column":65}},"143":{"start":{"line":307,"column":4},"end":{"line":307,"column":33}},"144":{"start":{"line":308,"column":4},"end":{"line":308,"column":11}},"145":{"start":{"line":310,"column":4},"end":{"line":310,"column":14}},"146":{"start":{"line":368,"column":2},"end":{"line":368,"column":24}},"147":{"start":{"line":314,"column":15},"end":{"line":360,"column":2}},"148":{"start":{"line":314,"column":73},"end":{"line":360,"column":2}},"149":{"start":{"line":315,"column":2},"end":{"line":359,"column":3}},"150":{"start":{"line":316,"column":24},"end":{"line":316,"column":47}},"151":{"start":{"line":318,"column":22},"end":{"line":318,"column":65}},"152":{"start":{"line":320,"column":4},"end":{"line":327,"column":5}},"153":{"start":{"line":321,"column":21},"end":{"line":321,"column":65}},"154":{"start":{"line":322,"column":21},"end":{"line":324,"column":58}},"155":{"start":{"line":326,"column":6},"end":{"line":326,"column":46}},"156":{"start":{"line":329,"column":4},"end":{"line":331,"column":7}},"157":{"start":{"line":333,"column":4},"end":{"line":333,"column":25}},"158":{"start":{"line":335,"column":41},"end":{"line":341,"column":6}},"159":{"start":{"line":343,"column":4},"end":{"line":343,"column":50}},"160":{"start":{"line":344,"column":4},"end":{"line":344,"column":64}},"161":{"start":{"line":346,"column":4},"end":{"line":356,"column":5}},"162":{"start":{"line":347,"column":6},"end":{"line":353,"column":9}},"163":{"start":{"line":348,"column":8},"end":{"line":350,"column":9}},"164":{"start":{"line":349,"column":10},"end":{"line":349,"column":27}},"165":{"start":{"line":351,"column":8},"end":{"line":351,"column":54}},"166":{"start":{"line":352,"column":8},"end":{"line":352,"column":69}},"167":{"start":{"line":355,"column":6},"end":{"line":355,"column":67}},"168":{"start":{"line":358,"column":4},"end":{"line":358,"column":14}},"169":{"start":{"line":369,"column":2},"end":{"line":369,"column":8}}},"fnMap":{"0":{"name":"(anonymous_14)","decl":{"start":{"line":17,"column":17},"end":{"line":17,"column":24}},"loc":{"start":{"line":17,"column":75},"end":{"line":74,"column":2}}},"1":{"name":"(anonymous_15)","decl":{"start":{"line":17,"column":75},"end":{"line":17,"column":null}},"loc":{"start":{"line":17,"column":75},"end":{"line":74,"column":1}}},"2":{"name":"(anonymous_16)","decl":{"start":{"line":76,"column":14},"end":{"line":76,"column":21}},"loc":{"start":{"line":76,"column":72},"end":{"line":118,"column":2}}},"3":{"name":"(anonymous_17)","decl":{"start":{"line":76,"column":72},"end":{"line":76,"column":null}},"loc":{"start":{"line":76,"column":72},"end":{"line":118,"column":1}}},"4":{"name":"(anonymous_18)","decl":{"start":{"line":120,"column":19},"end":{"line":120,"column":26}},"loc":{"start":{"line":120,"column":77},"end":{"line":146,"column":2}}},"5":{"name":"(anonymous_19)","decl":{"start":{"line":120,"column":77},"end":{"line":120,"column":null}},"loc":{"start":{"line":120,"column":77},"end":{"line":146,"column":1}}},"6":{"name":"(anonymous_20)","decl":{"start":{"line":148,"column":18},"end":{"line":148,"column":25}},"loc":{"start":{"line":148,"column":76},"end":{"line":173,"column":2}}},"7":{"name":"(anonymous_21)","decl":{"start":{"line":148,"column":76},"end":{"line":148,"column":null}},"loc":{"start":{"line":148,"column":76},"end":{"line":173,"column":1}}},"8":{"name":"(anonymous_22)","decl":{"start":{"line":175,"column":21},"end":{"line":175,"column":null}},"loc":{"start":{"line":179,"column":4},"end":{"line":270,"column":2}}},"9":{"name":"(anonymous_23)","decl":{"start":{"line":179,"column":4},"end":{"line":179,"column":null}},"loc":{"start":{"line":179,"column":4},"end":{"line":270,"column":1}}},"10":{"name":"(anonymous_24)","decl":{"start":{"line":272,"column":31},"end":{"line":272,"column":null}},"loc":{"start":{"line":276,"column":4},"end":{"line":312,"column":2}}},"11":{"name":"(anonymous_25)","decl":{"start":{"line":276,"column":4},"end":{"line":276,"column":null}},"loc":{"start":{"line":276,"column":4},"end":{"line":312,"column":1}}},"12":{"name":"(anonymous_26)","decl":{"start":{"line":314,"column":15},"end":{"line":314,"column":22}},"loc":{"start":{"line":314,"column":73},"end":{"line":360,"column":2}}},"13":{"name":"(anonymous_27)","decl":{"start":{"line":314,"column":73},"end":{"line":314,"column":null}},"loc":{"start":{"line":314,"column":73},"end":{"line":360,"column":1}}},"14":{"name":"(anonymous_28)","decl":{"start":{"line":347,"column":26},"end":{"line":347,"column":27}},"loc":{"start":{"line":347,"column":34},"end":{"line":353,"column":7}}}},"branchMap":{"0":{"loc":{"start":{"line":25,"column":4},"end":{"line":63,"column":5}},"type":"if","locations":[{"start":{"line":25,"column":4},"end":{"line":63,"column":5}},{"start":{"line":51,"column":11},"end":{"line":63,"column":5}}]},"1":{"loc":{"start":{"line":26,"column":6},"end":{"line":50,"column":7}},"type":"if","locations":[{"start":{"line":26,"column":6},"end":{"line":50,"column":7}},{"start":{"line":48,"column":13},"end":{"line":50,"column":7}}]},"2":{"loc":{"start":{"line":27,"column":8},"end":{"line":30,"column":39}},"type":"binary-expr","locations":[{"start":{"line":27,"column":8},"end":{"line":27,"column":35}},{"start":{"line":28,"column":8},"end":{"line":28,"column":46}},{"start":{"line":29,"column":8},"end":{"line":29,"column":39}},{"start":{"line":30,"column":8},"end":{"line":30,"column":39}}]},"3":{"loc":{"start":{"line":67,"column":4},"end":{"line":71,"column":5}},"type":"if","locations":[{"start":{"line":67,"column":4},"end":{"line":71,"column":5}}]},"4":{"loc":{"start":{"line":68,"column":6},"end":{"line":70,"column":7}},"type":"if","locations":[{"start":{"line":68,"column":6},"end":{"line":70,"column":7}}]},"5":{"loc":{"start":{"line":68,"column":10},"end":{"line":68,"column":45}},"type":"binary-expr","locations":[{"start":{"line":68,"column":10},"end":{"line":68,"column":23}},{"start":{"line":68,"column":27},"end":{"line":68,"column":45}}]},"6":{"loc":{"start":{"line":81,"column":4},"end":{"line":83,"column":5}},"type":"if","locations":[{"start":{"line":81,"column":4},"end":{"line":83,"column":5}}]},"7":{"loc":{"start":{"line":87,"column":4},"end":{"line":89,"column":5}},"type":"if","locations":[{"start":{"line":87,"column":4},"end":{"line":89,"column":5}}]},"8":{"loc":{"start":{"line":124,"column":49},"end":{"line":124,"column":65}},"type":"cond-expr","locations":[{"start":{"line":124,"column":55},"end":{"line":124,"column":57}},{"start":{"line":124,"column":49},"end":{"line":124,"column":65}}]},"9":{"loc":{"start":{"line":124,"column":49},"end":{"line":124,"column":57}},"type":"binary-expr","locations":[{"start":{"line":124,"column":49},"end":{"line":124,"column":57}},{"start":{"line":124,"column":49},"end":{"line":124,"column":57}}]},"10":{"loc":{"start":{"line":126,"column":4},"end":{"line":128,"column":5}},"type":"if","locations":[{"start":{"line":126,"column":4},"end":{"line":128,"column":5}}]},"11":{"loc":{"start":{"line":130,"column":4},"end":{"line":132,"column":5}},"type":"if","locations":[{"start":{"line":130,"column":4},"end":{"line":132,"column":5}}]},"12":{"loc":{"start":{"line":154,"column":4},"end":{"line":156,"column":5}},"type":"if","locations":[{"start":{"line":154,"column":4},"end":{"line":156,"column":5}}]},"13":{"loc":{"start":{"line":158,"column":4},"end":{"line":160,"column":5}},"type":"if","locations":[{"start":{"line":158,"column":4},"end":{"line":160,"column":5}}]},"14":{"loc":{"start":{"line":183,"column":4},"end":{"line":185,"column":5}},"type":"if","locations":[{"start":{"line":183,"column":4},"end":{"line":185,"column":5}}]},"15":{"loc":{"start":{"line":189,"column":4},"end":{"line":191,"column":5}},"type":"if","locations":[{"start":{"line":189,"column":4},"end":{"line":191,"column":5}}]},"16":{"loc":{"start":{"line":194,"column":29},"end":{"line":194,"column":61}},"type":"cond-expr","locations":[{"start":{"line":194,"column":54},"end":{"line":194,"column":56}},{"start":{"line":194,"column":54},"end":{"line":194,"column":61}}]},"17":{"loc":{"start":{"line":194,"column":29},"end":{"line":194,"column":56}},"type":"binary-expr","locations":[{"start":{"line":194,"column":29},"end":{"line":194,"column":56}},{"start":{"line":194,"column":54},"end":{"line":194,"column":56}}]},"18":{"loc":{"start":{"line":194,"column":29},"end":{"line":194,"column":54}},"type":"cond-expr","locations":[{"start":{"line":194,"column":40},"end":{"line":194,"column":42}},{"start":{"line":194,"column":29},"end":{"line":194,"column":54}}]},"19":{"loc":{"start":{"line":194,"column":29},"end":{"line":194,"column":42}},"type":"binary-expr","locations":[{"start":{"line":194,"column":29},"end":{"line":194,"column":42}},{"start":{"line":194,"column":29},"end":{"line":194,"column":42}}]},"20":{"loc":{"start":{"line":196,"column":4},"end":{"line":200,"column":5}},"type":"if","locations":[{"start":{"line":196,"column":4},"end":{"line":200,"column":5}}]},"21":{"loc":{"start":{"line":196,"column":8},"end":{"line":196,"column":49}},"type":"binary-expr","locations":[{"start":{"line":196,"column":8},"end":{"line":196,"column":20}},{"start":{"line":196,"column":24},"end":{"line":196,"column":49}}]},"22":{"loc":{"start":{"line":208,"column":4},"end":{"line":211,"column":72}},"type":"if","locations":[{"start":{"line":208,"column":4},"end":{"line":211,"column":72}}]},"23":{"loc":{"start":{"line":208,"column":8},"end":{"line":208,"column":52}},"type":"binary-expr","locations":[{"start":{"line":208,"column":8},"end":{"line":208,"column":21}},{"start":{"line":208,"column":25},"end":{"line":208,"column":52}}]},"24":{"loc":{"start":{"line":217,"column":8},"end":{"line":217,"column":51}},"type":"binary-expr","locations":[{"start":{"line":217,"column":8},"end":{"line":217,"column":45}},{"start":{"line":217,"column":49},"end":{"line":217,"column":51}}]},"25":{"loc":{"start":{"line":220,"column":6},"end":{"line":222,"column":7}},"type":"if","locations":[{"start":{"line":220,"column":6},"end":{"line":222,"column":7}}]},"26":{"loc":{"start":{"line":226,"column":4},"end":{"line":228,"column":5}},"type":"if","locations":[{"start":{"line":226,"column":4},"end":{"line":228,"column":5}}]},"27":{"loc":{"start":{"line":230,"column":27},"end":{"line":230,"column":64}},"type":"cond-expr","locations":[{"start":{"line":230,"column":59},"end":{"line":230,"column":63}},{"start":{"line":230,"column":63},"end":{"line":230,"column":64}}]},"28":{"loc":{"start":{"line":230,"column":27},"end":{"line":230,"column":63}},"type":"binary-expr","locations":[{"start":{"line":230,"column":27},"end":{"line":230,"column":63}},{"start":{"line":230,"column":59},"end":{"line":230,"column":63}}]},"29":{"loc":{"start":{"line":232,"column":4},"end":{"line":234,"column":5}},"type":"if","locations":[{"start":{"line":232,"column":4},"end":{"line":234,"column":5}}]},"30":{"loc":{"start":{"line":236,"column":4},"end":{"line":241,"column":5}},"type":"if","locations":[{"start":{"line":236,"column":4},"end":{"line":241,"column":5}}]},"31":{"loc":{"start":{"line":251,"column":6},"end":{"line":251,"column":39}},"type":"binary-expr","locations":[{"start":{"line":251,"column":6},"end":{"line":251,"column":33}},{"start":{"line":251,"column":37},"end":{"line":251,"column":39}}]},"32":{"loc":{"start":{"line":257,"column":6},"end":{"line":257,"column":39}},"type":"binary-expr","locations":[{"start":{"line":257,"column":6},"end":{"line":257,"column":33}},{"start":{"line":257,"column":37},"end":{"line":257,"column":39}}]},"33":{"loc":{"start":{"line":278,"column":24},"end":{"line":278,"column":67}},"type":"cond-expr","locations":[{"start":{"line":278,"column":52},"end":{"line":278,"column":54}},{"start":{"line":278,"column":52},"end":{"line":278,"column":67}}]},"34":{"loc":{"start":{"line":278,"column":24},"end":{"line":278,"column":54}},"type":"binary-expr","locations":[{"start":{"line":278,"column":24},"end":{"line":278,"column":54}},{"start":{"line":278,"column":52},"end":{"line":278,"column":54}}]},"35":{"loc":{"start":{"line":280,"column":4},"end":{"line":280,"column":79}},"type":"if","locations":[{"start":{"line":280,"column":4},"end":{"line":280,"column":79}}]},"36":{"loc":{"start":{"line":284,"column":4},"end":{"line":285,"column":75}},"type":"if","locations":[{"start":{"line":284,"column":4},"end":{"line":285,"column":75}}]},"37":{"loc":{"start":{"line":291,"column":8},"end":{"line":291,"column":51}},"type":"binary-expr","locations":[{"start":{"line":291,"column":8},"end":{"line":291,"column":45}},{"start":{"line":291,"column":49},"end":{"line":291,"column":51}}]},"38":{"loc":{"start":{"line":294,"column":6},"end":{"line":296,"column":7}},"type":"if","locations":[{"start":{"line":294,"column":6},"end":{"line":296,"column":7}}]},"39":{"loc":{"start":{"line":300,"column":4},"end":{"line":300,"column":80}},"type":"if","locations":[{"start":{"line":300,"column":4},"end":{"line":300,"column":80}}]},"40":{"loc":{"start":{"line":304,"column":4},"end":{"line":305,"column":65}},"type":"if","locations":[{"start":{"line":304,"column":4},"end":{"line":305,"column":65}}]},"41":{"loc":{"start":{"line":318,"column":22},"end":{"line":318,"column":65}},"type":"cond-expr","locations":[{"start":{"line":318,"column":50},"end":{"line":318,"column":52}},{"start":{"line":318,"column":50},"end":{"line":318,"column":65}}]},"42":{"loc":{"start":{"line":318,"column":22},"end":{"line":318,"column":52}},"type":"binary-expr","locations":[{"start":{"line":318,"column":22},"end":{"line":318,"column":52}},{"start":{"line":318,"column":50},"end":{"line":318,"column":52}}]},"43":{"loc":{"start":{"line":320,"column":4},"end":{"line":327,"column":5}},"type":"if","locations":[{"start":{"line":320,"column":4},"end":{"line":327,"column":5}}]},"44":{"loc":{"start":{"line":322,"column":21},"end":{"line":324,"column":58}},"type":"cond-expr","locations":[{"start":{"line":323,"column":10},"end":{"line":323,"column":52}},{"start":{"line":324,"column":10},"end":{"line":324,"column":58}}]},"45":{"loc":{"start":{"line":338,"column":16},"end":{"line":338,"column":72}},"type":"cond-expr","locations":[{"start":{"line":338,"column":56},"end":{"line":338,"column":64}},{"start":{"line":338,"column":67},"end":{"line":338,"column":72}}]},"46":{"loc":{"start":{"line":346,"column":4},"end":{"line":356,"column":5}},"type":"if","locations":[{"start":{"line":346,"column":4},"end":{"line":356,"column":5}},{"start":{"line":354,"column":11},"end":{"line":356,"column":5}}]},"47":{"loc":{"start":{"line":348,"column":8},"end":{"line":350,"column":9}},"type":"if","locations":[{"start":{"line":348,"column":8},"end":{"line":350,"column":9}}]}},"s":{"0":1,"1":1,"2":1,"3":1,"4":1,"5":1,"6":1,"7":1,"8":2,"9":2,"10":2,"11":2,"12":1,"13":1,"14":1,"15":1,"16":1,"17":0,"18":0,"19":0,"20":0,"21":1,"22":1,"23":1,"24":0,"25":1,"26":1,"27":1,"28":3,"29":3,"30":3,"31":3,"32":3,"33":1,"34":2,"35":2,"36":1,"37":1,"38":1,"39":1,"40":1,"41":1,"42":1,"43":1,"44":1,"45":1,"46":0,"47":1,"48":1,"49":3,"50":3,"51":3,"52":3,"53":3,"54":1,"55":2,"56":1,"57":1,"58":1,"59":1,"60":1,"61":1,"62":1,"63":0,"64":1,"65":1,"66":0,"67":0,"68":0,"69":0,"70":0,"71":0,"72":0,"73":0,"74":0,"75":0,"76":0,"77":0,"78":0,"79":0,"80":0,"81":1,"82":1,"83":0,"84":0,"85":0,"86":0,"87":0,"88":0,"89":0,"90":0,"91":0,"92":0,"93":0,"94":0,"95":0,"96":0,"97":0,"98":0,"99":0,"100":0,"101":0,"102":0,"103":0,"104":0,"105":0,"106":0,"107":0,"108":0,"109":0,"110":0,"111":0,"112":0,"113":0,"114":0,"115":0,"116":0,"117":0,"118":0,"119":0,"120":0,"121":0,"122":0,"123":1,"124":1,"125":0,"126":0,"127":0,"128":0,"129":0,"130":0,"131":0,"132":0,"133":0,"134":0,"135":0,"136":0,"137":0,"138":0,"139":0,"140":0,"141":0,"142":0,"143":0,"144":0,"145":0,"146":1,"147":1,"148":0,"149":0,"150":0,"151":0,"152":0,"153":0,"154":0,"155":0,"156":0,"157":0,"158":0,"159":0,"160":0,"161":0,"162":0,"163":0,"164":0,"165":0,"166":0,"167":0,"168":0,"169":1},"f":{"0":2,"1":2,"2":3,"3":3,"4":3,"5":3,"6":0,"7":0,"8":0,"9":0,"10":0,"11":0,"12":0,"13":0,"14":0},"b":{"0":[1,0],"1":[1,0],"2":[1,1,1,1],"3":[1],"4":[0],"5":[1,0],"6":[1],"7":[1],"8":[1,2],"9":[3,2],"10":[1],"11":[1],"12":[0],"13":[0],"14":[0],"15":[0],"16":[0,0],"17":[0,0],"18":[0,0],"19":[0,0],"20":[0],"21":[0,0],"22":[0],"23":[0,0],"24":[0,0],"25":[0],"26":[0],"27":[0,0],"28":[0,0],"29":[0],"30":[0],"31":[0,0],"32":[0,0],"33":[0,0],"34":[0,0],"35":[0],"36":[0],"37":[0,0],"38":[0],"39":[0],"40":[0],"41":[0,0],"42":[0,0],"43":[0],"44":[0,0],"45":[0,0],"46":[0,0],"47":[0]}}
}
