TN:
SF:config/redis/index.ts
FN:10,startRedis
FNF:1
FNH:0
FNDA:0,startRedis
DA:1,1
DA:2,1
DA:4,1
DA:6,1
DA:11,0
DA:12,0
DA:13,0
DA:15,0
DA:16,0
DA:20,1
LF:10
LH:5
BRDA:7,0,0,1
BRDA:7,0,1,0
BRDA:13,1,0,0
BRDA:13,1,1,0
BRF:4
BRH:1
end_of_record
TN:
SF:utils/functions/authentication.ts
FN:10,issueJWT
FN:42,genPassword
FN:54,validatePassword
FN:62,(anonymous_4)
FN:81,blacklistToken
FNF:5
FNH:2
FNDA:0,issueJWT
FNDA:1,genPassword
FNDA:1,validatePassword
FNDA:0,(anonymous_4)
FNDA:0,blacklistToken
DA:2,1
DA:4,1
DA:5,1
DA:6,1
DA:8,1
DA:11,0
DA:12,0
DA:14,0
DA:16,0
DA:22,0
DA:24,0
DA:29,0
DA:34,0
DA:43,1
DA:44,1
DA:48,1
DA:55,1
DA:59,1
DA:62,1
DA:63,0
DA:64,0
DA:76,0
DA:78,0
DA:82,0
DA:86,1
DA:87,1
DA:88,1
DA:89,1
DA:90,1
LF:29
LH:16
BRDA:24,0,0,0
BRDA:24,0,1,0
BRDA:29,1,0,0
BRDA:29,1,1,0
BRF:4
BRH:0
end_of_record
TN:
SF:utils/middlewares/routes/login&register.ts
FN:18,(anonymous_7)
FN:77,(anonymous_8)
FN:121,(anonymous_9)
FN:150,(anonymous_10)
FN:177,(anonymous_11)
FN:274,(anonymous_12)
FN:316,(anonymous_13)
FN:349,(anonymous_14)
FNF:8
FNH:5
FNDA:2,(anonymous_7)
FNDA:3,(anonymous_8)
FNDA:3,(anonymous_9)
FNDA:0,(anonymous_10)
FNDA:5,(anonymous_11)
FNDA:4,(anonymous_12)
FNDA:0,(anonymous_13)
FNDA:0,(anonymous_14)
DA:2,1
DA:9,1
DA:11,1
DA:12,1
DA:13,1
DA:14,1
DA:16,1
DA:18,1
DA:19,2
DA:20,2
DA:22,2
DA:24,1
DA:26,1
DA:27,1
DA:33,1
DA:46,1
DA:50,0
DA:53,0
DA:62,0
DA:63,0
DA:66,1
DA:68,1
DA:69,1
DA:70,0
DA:73,1
DA:77,1
DA:78,3
DA:79,3
DA:80,3
DA:82,3
DA:83,1
DA:86,2
DA:88,2
DA:89,1
DA:92,1
DA:105,1
DA:107,1
DA:108,1
DA:110,1
DA:111,1
DA:112,1
DA:113,1
DA:115,1
DA:117,0
DA:121,1
DA:122,3
DA:123,3
DA:124,3
DA:126,3
DA:128,3
DA:129,1
DA:132,2
DA:133,1
DA:136,1
DA:137,1
DA:139,1
DA:140,1
DA:142,1
DA:144,1
DA:146,0
DA:150,1
DA:151,0
DA:152,0
DA:154,0
DA:156,0
DA:157,0
DA:160,0
DA:161,0
DA:164,0
DA:165,0
DA:167,0
DA:168,0
DA:170,0
DA:171,0
DA:173,0
DA:177,1
DA:182,5
DA:183,5
DA:185,5
DA:186,1
DA:189,4
DA:191,4
DA:192,1
DA:195,3
DA:196,3
DA:198,3
DA:199,0
DA:204,3
DA:206,3
DA:210,3
DA:211,2
DA:216,1
DA:217,1
DA:222,0
DA:223,0
DA:225,0
DA:228,1
DA:229,0
DA:232,1
DA:234,1
DA:235,1
DA:238,0
DA:239,0
DA:240,0
DA:241,0
DA:242,0
DA:245,0
DA:246,0
DA:251,0
DA:257,0
DA:263,0
DA:264,0
DA:266,0
DA:268,0
DA:270,0
DA:274,1
DA:279,4
DA:280,4
DA:282,4
DA:284,3
DA:286,3
DA:287,1
DA:290,2
DA:291,2
DA:296,0
DA:297,0
DA:299,0
DA:302,2
DA:304,1
DA:306,1
DA:307,1
DA:309,0
DA:310,0
DA:312,0
DA:316,1
DA:317,0
DA:318,0
DA:320,0
DA:322,0
DA:323,0
DA:324,0
DA:328,0
DA:331,0
DA:335,0
DA:337,0
DA:345,0
DA:346,0
DA:348,0
DA:349,0
DA:350,0
DA:351,0
DA:353,0
DA:354,0
DA:357,0
DA:360,0
DA:365,1
DA:366,1
DA:367,1
DA:368,1
DA:369,1
DA:370,1
DA:371,1
LF:162
LH:96
BRDA:26,0,0,1
BRDA:26,0,1,0
BRDA:27,1,0,1
BRDA:27,1,1,0
BRDA:28,2,0,1
BRDA:28,2,1,1
BRDA:28,2,2,1
BRDA:28,2,3,1
BRDA:68,3,0,1
BRDA:69,4,0,0
BRDA:69,5,0,1
BRDA:69,5,1,0
BRDA:82,6,0,1
BRDA:88,7,0,1
BRDA:128,8,0,1
BRDA:132,9,0,1
BRDA:156,10,0,0
BRDA:160,11,0,0
BRDA:185,12,0,1
BRDA:191,13,0,1
BRDA:198,14,0,0
BRDA:198,15,0,3
BRDA:198,15,1,3
BRDA:210,16,0,2
BRDA:210,17,0,3
BRDA:210,17,1,1
BRDA:219,18,0,1
BRDA:219,18,1,0
BRDA:222,19,0,0
BRDA:228,20,0,0
BRDA:232,21,0,1
BRDA:232,21,1,0
BRDA:234,22,0,1
BRDA:238,23,0,0
BRDA:253,24,0,0
BRDA:253,24,1,0
BRDA:259,25,0,0
BRDA:259,25,1,0
BRDA:282,26,0,1
BRDA:286,27,0,1
BRDA:293,28,0,2
BRDA:293,28,1,0
BRDA:296,29,0,0
BRDA:302,30,0,1
BRDA:306,31,0,1
BRDA:322,32,0,0
BRDA:324,33,0,0
BRDA:324,33,1,0
BRDA:340,34,0,0
BRDA:340,34,1,0
BRDA:348,35,0,0
BRDA:348,35,1,0
BRDA:350,36,0,0
BRF:53
BRH:27
end_of_record
