TN:
SF:config/redis/index.ts
FN:10,startRedis
FNF:1
FNH:0
FNDA:0,startRedis
DA:1,1
DA:2,1
DA:4,1
DA:6,1
DA:11,0
DA:12,0
DA:13,0
DA:15,0
DA:16,0
DA:20,1
LF:10
LH:5
BRDA:7,0,0,1
BRDA:7,0,1,0
BRDA:13,1,0,0
BRDA:13,1,1,0
BRF:4
BRH:1
end_of_record
TN:
SF:utils/functions/authentication.ts
FN:9,issueJWT
FN:41,genPassword
FN:53,validatePassword
FN:61,blacklistToken
FNF:4
FNH:2
FNDA:0,issueJWT
FNDA:1,genPassword
FNDA:1,validatePassword
FNDA:0,blacklistToken
DA:1,1
DA:3,1
DA:4,1
DA:5,1
DA:7,1
DA:10,0
DA:11,0
DA:13,0
DA:15,0
DA:21,0
DA:23,0
DA:28,0
DA:33,0
DA:42,1
DA:43,1
DA:47,1
DA:54,1
DA:58,1
DA:62,0
DA:65,1
LF:20
LH:11
BRDA:23,0,0,0
BRDA:23,0,1,0
BRDA:28,1,0,0
BRDA:28,1,1,0
BRF:4
BRH:0
end_of_record
TN:
SF:utils/middlewares/routes/login&register.ts
FN:17,(anonymous_7)
FN:76,(anonymous_8)
FN:120,(anonymous_9)
FN:148,(anonymous_10)
FN:175,(anonymous_11)
FN:272,(anonymous_12)
FN:314,(anonymous_13)
FN:347,(anonymous_14)
FNF:8
FNH:5
FNDA:2,(anonymous_7)
FNDA:3,(anonymous_8)
FNDA:3,(anonymous_9)
FNDA:0,(anonymous_10)
FNDA:5,(anonymous_11)
FNDA:4,(anonymous_12)
FNDA:0,(anonymous_13)
FNDA:0,(anonymous_14)
DA:2,1
DA:8,1
DA:10,1
DA:11,1
DA:12,1
DA:13,1
DA:15,1
DA:17,1
DA:18,2
DA:19,2
DA:21,2
DA:23,1
DA:25,1
DA:26,1
DA:32,1
DA:45,1
DA:49,0
DA:52,0
DA:61,0
DA:62,0
DA:65,1
DA:67,1
DA:68,1
DA:69,0
DA:72,1
DA:76,1
DA:77,3
DA:78,3
DA:79,3
DA:81,3
DA:82,1
DA:85,2
DA:87,2
DA:88,1
DA:91,1
DA:104,1
DA:106,1
DA:107,1
DA:109,1
DA:110,1
DA:111,1
DA:112,1
DA:114,1
DA:116,0
DA:120,1
DA:121,3
DA:122,3
DA:124,3
DA:126,3
DA:127,1
DA:130,2
DA:131,1
DA:134,1
DA:135,1
DA:137,1
DA:138,1
DA:140,1
DA:142,1
DA:144,0
DA:148,1
DA:149,0
DA:150,0
DA:152,0
DA:154,0
DA:155,0
DA:158,0
DA:159,0
DA:162,0
DA:163,0
DA:165,0
DA:166,0
DA:168,0
DA:169,0
DA:171,0
DA:175,1
DA:180,5
DA:181,5
DA:183,5
DA:184,1
DA:187,4
DA:189,4
DA:190,1
DA:193,3
DA:194,3
DA:196,3
DA:197,0
DA:202,3
DA:204,3
DA:208,3
DA:209,2
DA:214,1
DA:215,1
DA:220,0
DA:221,0
DA:223,0
DA:226,1
DA:227,0
DA:230,1
DA:232,1
DA:233,1
DA:236,0
DA:237,0
DA:238,0
DA:239,0
DA:240,0
DA:243,0
DA:244,0
DA:249,0
DA:255,0
DA:261,0
DA:262,0
DA:264,0
DA:266,0
DA:268,0
DA:272,1
DA:277,4
DA:278,4
DA:280,4
DA:282,3
DA:284,3
DA:285,1
DA:288,2
DA:289,2
DA:294,0
DA:295,0
DA:297,0
DA:300,2
DA:302,1
DA:304,1
DA:305,1
DA:307,0
DA:308,0
DA:310,0
DA:314,1
DA:315,0
DA:316,0
DA:318,0
DA:320,0
DA:321,0
DA:322,0
DA:326,0
DA:329,0
DA:333,0
DA:335,0
DA:343,0
DA:344,0
DA:346,0
DA:347,0
DA:348,0
DA:349,0
DA:351,0
DA:352,0
DA:355,0
DA:358,0
DA:363,1
DA:364,1
DA:365,1
DA:366,1
DA:367,1
DA:368,1
DA:369,1
LF:161
LH:95
BRDA:25,0,0,1
BRDA:25,0,1,0
BRDA:26,1,0,1
BRDA:26,1,1,0
BRDA:27,2,0,1
BRDA:27,2,1,1
BRDA:27,2,2,1
BRDA:27,2,3,1
BRDA:67,3,0,1
BRDA:68,4,0,0
BRDA:68,5,0,1
BRDA:68,5,1,0
BRDA:81,6,0,1
BRDA:87,7,0,1
BRDA:126,8,0,1
BRDA:130,9,0,1
BRDA:154,10,0,0
BRDA:158,11,0,0
BRDA:183,12,0,1
BRDA:189,13,0,1
BRDA:196,14,0,0
BRDA:196,15,0,3
BRDA:196,15,1,3
BRDA:208,16,0,2
BRDA:208,17,0,3
BRDA:208,17,1,1
BRDA:217,18,0,1
BRDA:217,18,1,0
BRDA:220,19,0,0
BRDA:226,20,0,0
BRDA:230,21,0,1
BRDA:230,21,1,0
BRDA:232,22,0,1
BRDA:236,23,0,0
BRDA:251,24,0,0
BRDA:251,24,1,0
BRDA:257,25,0,0
BRDA:257,25,1,0
BRDA:280,26,0,1
BRDA:284,27,0,1
BRDA:291,28,0,2
BRDA:291,28,1,0
BRDA:294,29,0,0
BRDA:300,30,0,1
BRDA:304,31,0,1
BRDA:320,32,0,0
BRDA:322,33,0,0
BRDA:322,33,1,0
BRDA:338,34,0,0
BRDA:338,34,1,0
BRDA:346,35,0,0
BRDA:346,35,1,0
BRDA:348,36,0,0
BRF:53
BRH:27
end_of_record
